<?xml version="1.0" encoding="UTF-8"?>
<testsuite name="com.esieeit.projetsi.domain.model.UserValidationTest" tests="2" skipped="0" failures="0" errors="0" timestamp="2026-03-25T17:17:50.464Z" hostname="ash-Latitude-E7440" time="0.009">
  <properties/>
  <testcase name="shouldFail_whenEmailIsInvalid()" classname="com.esieeit.projetsi.domain.model.UserValidationTest" time="0.003"/>
  <testcase name="shouldFail_whenRolesAreEmpty()" classname="com.esieeit.projetsi.domain.model.UserValidationTest" time="0.004"/>
  <system-out><![CDATA[]]></system-out>
  <system-err><![CDATA[]]></system-err>
</testsuite>
