<?xml version="1.0" encoding="UTF-8"?>
<testsuite name="com.esieeit.projetsi.domain.model.UserValidationTest" tests="2" skipped="0" failures="0" errors="0" timestamp="2026-03-25T15:51:54.318Z" hostname="ash-Latitude-E7440" time="0.005">
  <properties/>
  <testcase name="shouldFail_whenEmailIsInvalid()" classname="com.esieeit.projetsi.domain.model.UserValidationTest" time="0.002"/>
  <testcase name="shouldFail_whenRolesAreEmpty()" classname="com.esieeit.projetsi.domain.model.UserValidationTest" time="0.001"/>
  <system-out><![CDATA[]]></system-out>
  <system-err><![CDATA[]]></system-err>
</testsuite>
